2012-10-21 13:33:58,844 WARN  [SoapUI] Missing folder [/Users/claudemamo/playground/soapui-junit/./ext] for external libraries
2012-10-21 13:33:59,054 INFO  [DefaultSoapUICore] initialized soapui-settings from [/Users/claudemamo/soapui-settings.xml]
2012-10-21 13:34:00,045 INFO  [WsdlProject] Loaded project from [file:/Users/claudemamo/playground/soapui-junit/src/test/resources/calculator-soapui-project.xml]
2012-10-21 13:34:00,362 INFO  [SoapUIMockServiceRunner] Running all MockServices in project [calculator]
2012-10-21 13:34:00,362 INFO  [SoapUIMockServiceRunner] Press any key to terminate
2012-10-21 13:34:00,531 INFO  [SchemaUtils] Added default schema from file:/Users/claudemamo/.m2/repository/eviware/soapui/4.5.1/soapui-4.5.1.jar!/com/eviware/soapui/resources/xsds/xop.xsd with targetNamespace http://www.w3.org/2004/08/xop/include
2012-10-21 13:34:00,585 INFO  [SchemaUtils] Added default schema from file:/Users/claudemamo/.m2/repository/eviware/soapui/4.5.1/soapui-4.5.1.jar!/com/eviware/soapui/resources/xsds/XMLSchema.xsd with targetNamespace http://www.w3.org/2001/XMLSchema
2012-10-21 13:34:00,587 INFO  [SchemaUtils] Added default schema from file:/Users/claudemamo/.m2/repository/eviware/soapui/4.5.1/soapui-4.5.1.jar!/com/eviware/soapui/resources/xsds/xml.xsd with targetNamespace http://www.w3.org/XML/1998/namespace
2012-10-21 13:34:00,589 INFO  [SchemaUtils] Added default schema from file:/Users/claudemamo/.m2/repository/eviware/soapui/4.5.1/soapui-4.5.1.jar!/com/eviware/soapui/resources/xsds/swaref.xsd with targetNamespace http://ws-i.org/profiles/basic/1.1/xsd
2012-10-21 13:34:00,591 INFO  [SchemaUtils] Added default schema from file:/Users/claudemamo/.m2/repository/eviware/soapui/4.5.1/soapui-4.5.1.jar!/com/eviware/soapui/resources/xsds/xmime200505.xsd with targetNamespace http://www.w3.org/2005/05/xmlmime
2012-10-21 13:34:00,592 INFO  [SchemaUtils] Added default schema from file:/Users/claudemamo/.m2/repository/eviware/soapui/4.5.1/soapui-4.5.1.jar!/com/eviware/soapui/resources/xsds/xmime200411.xsd with targetNamespace http://www.w3.org/2004/11/xmlmime
2012-10-21 13:34:00,596 INFO  [SchemaUtils] Added default schema from file:/Users/claudemamo/.m2/repository/eviware/soapui/4.5.1/soapui-4.5.1.jar!/com/eviware/soapui/resources/xsds/soapEnvelope.xsd with targetNamespace http://schemas.xmlsoap.org/soap/envelope/
2012-10-21 13:34:00,608 INFO  [SchemaUtils] Added default schema from file:/Users/claudemamo/.m2/repository/eviware/soapui/4.5.1/soapui-4.5.1.jar!/com/eviware/soapui/resources/xsds/soapEncoding.xsd with targetNamespace http://schemas.xmlsoap.org/soap/encoding/
2012-10-21 13:34:00,611 INFO  [SchemaUtils] Added default schema from file:/Users/claudemamo/.m2/repository/eviware/soapui/4.5.1/soapui-4.5.1.jar!/com/eviware/soapui/resources/xsds/soapEnvelope12.xsd with targetNamespace http://www.w3.org/2003/05/soap-envelope
2012-10-21 13:34:00,619 INFO  [SchemaUtils] Added default schema from file:/Users/claudemamo/.m2/repository/eviware/soapui/4.5.1/soapui-4.5.1.jar!/com/eviware/soapui/resources/xsds/soapEncoding12.xsd with targetNamespace http://www.w3.org/2003/05/soap-encoding
2012-10-21 13:34:00,620 INFO  [SchemaUtils] Loading schema types from [http://localhost:8080/calculator?wsdl]
2012-10-21 13:34:00,620 INFO  [SchemaUtils] Getting schema http://localhost:8080/calculator?wsdl
2012-10-21 13:34:01,018 INFO  [WsdlMockRunner] Mounted WSDL for interface [CalculatorSoapBinding] at [/?WSDL]
2012-10-21 13:34:01,030 INFO  [jetty] Logging to com.eviware.soapui.support.log.JettyLogger@40974600 via com.eviware.soapui.support.log.JettyLogger
2012-10-21 13:34:01,062 INFO  [jetty] jetty-6.1.26
2012-10-21 13:34:01,093 INFO  [jetty] Started JettyMockEngine$SoapUIConnector@0.0.0.0:8080
2012-10-21 13:34:01,093 INFO  [JettyMockEngine] Started mockService [SquareRootSoapBinding MockService] on port [8080] at path [/]
2012-10-21 13:34:01,094 INFO  [SoapUIMockServiceRunner] MockService started on port 8080 at path [/]
2012-10-21 13:34:01,094 INFO  [SoapUIMockServiceRunner] Started 1 runner
2012-10-21 13:34:01,094 INFO  [SoapUIMockServiceRunner] time taken: 732ms
2012-10-21 13:34:01,102 INFO  [WsdlProject] Loaded project from [file:/Users/claudemamo/playground/soapui-junit/src/test/resources/calculator-soapui-project.xml]
2012-10-21 13:34:01,110 INFO  [SoapUITestCaseRunner] Running soapUI tests in project [calculator]
2012-10-21 13:34:01,112 INFO  [SoapUITestCaseRunner] Running Project [calculator], runType = SEQUENTIAL
2012-10-21 13:34:01,118 INFO  [SoapUITestCaseRunner] Running soapUI testcase [Add TestCase]
2012-10-21 13:34:01,124 INFO  [SoapUITestCaseRunner] running step [Add]
2012-10-21 13:34:01,331 INFO  [SoapUIMockServiceRunner] Handled request 1; [Add] with [Response 1] in [15ms] at [2012-10-21 13:34:01.309]
2012-10-21 13:34:01,540 INFO  [SoapUITestCaseRunner] Assertion [Not SOAP Fault] has status VALID
2012-10-21 13:34:01,540 INFO  [SoapUITestCaseRunner] Assertion [Schema Compliance] has status VALID
2012-10-21 13:34:01,540 INFO  [SoapUITestCaseRunner] Assertion [SOAP Response] has status VALID
2012-10-21 13:34:01,540 INFO  [SoapUITestCaseRunner] Assertion [XPath Match] has status VALID
2012-10-21 13:34:01,541 INFO  [SoapUITestCaseRunner] Finished running soapUI testcase [Add TestCase], time taken: 410ms, status: FINISHED
2012-10-21 13:34:01,541 INFO  [SoapUITestCaseRunner] Running soapUI testcase [Divide TestCase]
2012-10-21 13:34:01,541 INFO  [SoapUITestCaseRunner] running step [Divide]
2012-10-21 13:34:01,548 INFO  [SoapUIMockServiceRunner] Handled request 2; [Divide] with [Response 1] in [0ms] at [2012-10-21 13:34:01.546]
2012-10-21 13:34:01,555 INFO  [SoapUITestCaseRunner] Assertion [Not SOAP Fault] has status VALID
2012-10-21 13:34:01,555 INFO  [SoapUITestCaseRunner] Assertion [Schema Compliance] has status VALID
2012-10-21 13:34:01,555 INFO  [SoapUITestCaseRunner] Assertion [SOAP Response] has status VALID
2012-10-21 13:34:01,556 INFO  [SoapUITestCaseRunner] Assertion [XPath Match] has status VALID
2012-10-21 13:34:01,556 INFO  [SoapUITestCaseRunner] Finished running soapUI testcase [Divide TestCase], time taken: 13ms, status: FINISHED
2012-10-21 13:34:01,556 INFO  [SoapUITestCaseRunner] Running soapUI testcase [Multiply TestCase]
2012-10-21 13:34:01,556 INFO  [SoapUITestCaseRunner] running step [Multiply]
2012-10-21 13:34:01,562 INFO  [SoapUIMockServiceRunner] Handled request 3; [Multiply] with [Response 1] in [0ms] at [2012-10-21 13:34:01.561]
2012-10-21 13:34:01,569 INFO  [SoapUITestCaseRunner] Assertion [Not SOAP Fault] has status VALID
2012-10-21 13:34:01,569 INFO  [SoapUITestCaseRunner] Assertion [Schema Compliance] has status VALID
2012-10-21 13:34:01,569 INFO  [SoapUITestCaseRunner] Assertion [SOAP Response] has status VALID
2012-10-21 13:34:01,569 INFO  [SoapUITestCaseRunner] Assertion [XPath Match] has status VALID
2012-10-21 13:34:01,569 INFO  [SoapUITestCaseRunner] Finished running soapUI testcase [Multiply TestCase], time taken: 12ms, status: FINISHED
2012-10-21 13:34:01,569 INFO  [SoapUITestCaseRunner] Running soapUI testcase [Subtract TestCase]
2012-10-21 13:34:01,570 INFO  [SoapUITestCaseRunner] running step [Subtract]
2012-10-21 13:34:01,576 INFO  [SoapUIMockServiceRunner] Handled request 4; [Subtract] with [Response 1] in [0ms] at [2012-10-21 13:34:01.575]
2012-10-21 13:34:01,583 INFO  [SoapUITestCaseRunner] Assertion [Not SOAP Fault] has status VALID
2012-10-21 13:34:01,583 INFO  [SoapUITestCaseRunner] Assertion [Schema Compliance] has status VALID
2012-10-21 13:34:01,583 INFO  [SoapUITestCaseRunner] Assertion [SOAP Response] has status VALID
2012-10-21 13:34:01,583 INFO  [SoapUITestCaseRunner] Assertion [XPath Match] has status VALID
2012-10-21 13:34:01,583 INFO  [SoapUITestCaseRunner] Finished running soapUI testcase [Subtract TestCase], time taken: 12ms, status: FINISHED
2012-10-21 13:34:01,583 INFO  [SoapUITestCaseRunner] Project [calculator] finished with status [FINISHED] in 468ms
